<?xml version="1.0" encoding="UTF-8"?>
<testsuite name="CommandTests" tests="1" skipped="0" failures="0" errors="0" timestamp="2018-05-02T07:00:16" hostname="laptop" time="0.028">
  <properties/>
  <testcase name="requestEmptyCarriageTest" classname="CommandTests" time="0.028"/>
  <system-out><![CDATA[	 log: 
		commandNum = 1
		carriageID = -1
		position   = ro
		messageID  = 0001
	 log: interpreted case 1
	 log: -1 acquired Robot's Semaphore >>in >>
	 log: -1 released Robot's Semaphore >>in >>
	 log: requesting empty carriage to ro
	 log: Command Succesfully Recognized
]]></system-out>
  <system-err><![CDATA[]]></system-err>
</testsuite>
